Copyright 1986-2020 Xilinx, Inc. All Rights Reserved.
-------------------------------------------------------------------------------------
| Tool Version : Vivado v.2020.2 (lin64) Build 3064766 Wed Nov 18 09:12:47 MST 2020
| Date         : Sat Mar 12 21:10:55 2022
| Host         : DESKTOP-3E3A running 64-bit Ubuntu 20.04.4 LTS
| Command      : report_control_sets -verbose -file au_top_0_control_sets_placed.rpt
| Design       : au_top_0
| Device       : xc7a35t
-------------------------------------------------------------------------------------

Control Set Information

Table of Contents
-----------------
1. Summary
2. Histogram
3. Flip-Flop Distribution
4. Detailed Control Set Information

1. Summary
----------

+----------------------------------------------------------+-------+
|                          Status                          | Count |
+----------------------------------------------------------+-------+
| Total control sets                                       |     4 |
|    Minimum number of control sets                        |     4 |
|    Addition due to synthesis replication                 |     0 |
|    Addition due to physical synthesis replication        |     0 |
| Unused register locations in slices containing registers |    20 |
+----------------------------------------------------------+-------+
* Control sets can be merged at opt_design using control_set_merge or merge_equivalent_drivers
** Run report_qor_suggestions for automated merging and remapping suggestions


2. Histogram
------------

+--------------------+-------+
|       Fanout       | Count |
+--------------------+-------+
| Total control sets |     4 |
| >= 0 to < 4        |     1 |
| >= 4 to < 6        |     2 |
| >= 6 to < 8        |     0 |
| >= 8 to < 10       |     0 |
| >= 10 to < 12      |     0 |
| >= 12 to < 14      |     0 |
| >= 14 to < 16      |     0 |
| >= 16              |     1 |
+--------------------+-------+
* Control sets can be remapped at either synth_design or opt_design


3. Flip-Flop Distribution
-------------------------

+--------------+-----------------------+------------------------+-----------------+--------------+
| Clock Enable | Synchronous Set/Reset | Asynchronous Set/Reset | Total Registers | Total Slices |
+--------------+-----------------------+------------------------+-----------------+--------------+
| No           | No                    | No                     |               1 |            1 |
| No           | No                    | Yes                    |               0 |            0 |
| No           | Yes                   | No                     |              62 |           18 |
| Yes          | No                    | No                     |               0 |            0 |
| Yes          | No                    | Yes                    |               0 |            0 |
| Yes          | Yes                   | No                     |               5 |            1 |
+--------------+-----------------------+------------------------+-----------------+--------------+


4. Detailed Control Set Information
-----------------------------------

+----------------+--------------------------+----------------------------+------------------+----------------+--------------+
|  Clock Signal  |       Enable Signal      |      Set/Reset Signal      | Slice Load Count | Bel Load Count | Bels / Slice |
+----------------+--------------------------+----------------------------+------------------+----------------+--------------+
|  clk_IBUF_BUFG |                          |                            |                1 |              1 |         1.00 |
|  clk_IBUF_BUFG |                          | reset_cond/M_reset_cond_in |                3 |              4 |         1.33 |
|  clk_IBUF_BUFG | alutester/slowClock/E[0] | reset_cond/Q[0]            |                1 |              5 |         5.00 |
|  clk_IBUF_BUFG |                          | reset_cond/Q[0]            |               15 |             58 |         3.87 |
+----------------+--------------------------+----------------------------+------------------+----------------+--------------+


