Warnings in file C:\Users\shaun\Documents\Git\source\tester.luc:
    Line 3, Column 4 : "rst" was never used
    Line 2, Column 4 : "clk" was never used
Warnings in file C:\Users\shaun\Documents\Git\source\compare.luc:
    Line 3, Column 4 : "rst" was never used
    Line 2, Column 4 : "clk" was never used
Warnings in file C:\Users\shaun\Documents\Git\source\multiplier.luc:
    Line 3, Column 4 : "rst" was never used
    Line 2, Column 4 : "clk" was never used
Warnings in file C:\Users\shaun\Documents\Git\source\au_top.luc:
    Line 10, Column 4 : "io_button" was never used
Warnings in file C:\Users\shaun\Documents\Git\source\alu.luc:
    Line 3, Column 4 : "rst" was never used
    Line 2, Column 4 : "clk" was never used
Starting Vivado...
java.lang.Exception: Failed to start vivado!
	at com.alchitry.labs.project.builders.VivadoBuilder.projectBuilder(VivadoBuilder.java:66)
	at com.alchitry.labs.project.builders.ProjectBuilder.build(ProjectBuilder.java:152)
	at com.alchitry.labs.project.Project$build$1.invokeSuspend(Project.kt:1276)
	at kotlin.coroutines.jvm.internal.BaseContinuationImpl.resumeWith(ContinuationImpl.kt:33)
	at kotlinx.coroutines.DispatchedTask.run(DispatchedTask.kt:56)
	at kotlinx.coroutines.scheduling.CoroutineScheduler.runSafely(CoroutineScheduler.kt:571)
	at kotlinx.coroutines.scheduling.CoroutineScheduler$Worker.executeTask(CoroutineScheduler.kt:738)
	at kotlinx.coroutines.scheduling.CoroutineScheduler$Worker.runWorker(CoroutineScheduler.kt:678)
	at kotlinx.coroutines.scheduling.CoroutineScheduler$Worker.run(CoroutineScheduler.kt:665)

